**********************
Windows PowerShell transcript start
Start time: 20241124095646
Username: DESKTOP-BCLRDMB\PC
RunAs User: DESKTOP-BCLRDMB\PC
Configuration Name: 
Machine: DESKTOP-BCLRDMB (Microsoft Windows NT 10.0.26100.0)
Host Application: D:\tetris_ai\\build.exe
Process ID: 1588
PSVersion: 5.1.26100.2161
PSEdition: Desktop
PSCompatibleVersions: 1.0, 2.0, 3.0, 4.0, 5.0, 5.1.26100.2161
BuildVersion: 10.0.26100.2161
CLRVersion: 4.0.30319.42000
WSManStackVersion: 3.0
PSRemotingProtocolVersion: 2.3
SerializationVersion: 1.1.0.1
**********************
Started logging to: D:\tetris_ai\build_20241124_095646.log
Setting up vswhere...
Downloading https://github.com/microsoft/vswhere/releases/latest/download/vswhere.exe (Attempt 1 of 3)...
Verifying vswhere installation integrity...
Getting Visual Studio installation path...
Visual Studio found at: C:\Program Files\Microsoft Visual Studio\2022\Enterprise
Setting up PS2EXE...
Module base path: C:\Users\PC\Documents\WindowsPowerShell\Modules\ps2exe
Processing file: ps2exe.ps1 -> C:\Users\PC\Documents\WindowsPowerShell\Modules\ps2exe\ps2exe.ps1
Removing existing file: C:\Users\PC\Documents\WindowsPowerShell\Modules\ps2exe\ps2exe.ps1
Downloading from: https://raw.githubusercontent.com/MScholtes/PS2EXE/master/Module/ps2exe.ps1
Downloading https://raw.githubusercontent.com/MScholtes/PS2EXE/master/Module/ps2exe.ps1 (Attempt 1 of 3)...
Successfully downloaded: C:\Users\PC\Documents\WindowsPowerShell\Modules\ps2exe\ps2exe.ps1
Processing file: ps2exe.psd1 -> C:\Users\PC\Documents\WindowsPowerShell\Modules\ps2exe\ps2exe.psd1
Removing existing file: C:\Users\PC\Documents\WindowsPowerShell\Modules\ps2exe\ps2exe.psd1
Downloading from: https://raw.githubusercontent.com/MScholtes/PS2EXE/master/Module/ps2exe.psd1
Downloading https://raw.githubusercontent.com/MScholtes/PS2EXE/master/Module/ps2exe.psd1 (Attempt 1 of 3)...
Successfully downloaded: C:\Users\PC\Documents\WindowsPowerShell\Modules\ps2exe\ps2exe.psd1
Processing file: ps2exe.psm1 -> C:\Users\PC\Documents\WindowsPowerShell\Modules\ps2exe\ps2exe.psm1
Removing existing file: C:\Users\PC\Documents\WindowsPowerShell\Modules\ps2exe\ps2exe.psm1
Downloading from: https://raw.githubusercontent.com/MScholtes/PS2EXE/master/Module/ps2exe.psm1
Downloading https://raw.githubusercontent.com/MScholtes/PS2EXE/master/Module/ps2exe.psm1 (Attempt 1 of 3)...
Successfully downloaded: C:\Users\PC\Documents\WindowsPowerShell\Modules\ps2exe\ps2exe.psm1
Attempting to import module from: C:\Users\PC\Documents\WindowsPowerShell\Modules\ps2exe\ps2exe.psm1
VERBOSE: Loading module from path 'C:\Users\PC\Documents\WindowsPowerShell\Modules\ps2exe\ps2exe.psm1'.
VERBOSE: Importing function 'Invoke-ps2exe'.
PS2EXE module imported successfully
Building launcher...
WARNING: Forcing generation of a config file, since the option -longPaths requires this
Setting up dependencies...
Setting up 7z...
Downloading https://duy-thanh.github.io/file/7z.zip (Attempt 1 of 3)...
Setting up FCEUX...
Downloading https://duy-thanh.github.io/file/fceux.7z (Attempt 1 of 3)...
Extracting FCEUX using 7za.exe...
FCEUX extracted successfully
Starting build process...
Build command: D:\tetris_ai\build.cmd
VS Path: C:\Program Files\Microsoft Visual Studio\2022\Enterprise
Build arguments: /c call "D:\tetris_ai\build.cmd" "C:\Program Files\Microsoft Visual Studio\2022\Enterprise" /Build /CN=RABFAFMASwBUAE8AUAAtAEIAQwBMAFIARABNAEIA
Working directory: D:\tetris_ai
Build completed successfully!
**********************
Windows PowerShell transcript end
End time: 20241124095759
**********************
